{"/workspaces/CurrentDao-frontend/mobile/src/components/OfflineIndicator.js": {"path":"/workspaces/CurrentDao-frontend/mobile/src/components/OfflineIndicator.js","statementMap":{"0":{"start":{"line":5,"column":2},"end":{"line":5,"column":28}},"1":{"start":{"line":5,"column":16},"end":{"line":5,"column":28}},"2":{"start":{"line":6,"column":2},"end":{"line":10,"column":4}},"3":{"start":{"line":13,"column":15},"end":{"line":16,"column":2}}},"fnMap":{"0":{"name":"OfflineIndicator","decl":{"start":{"line":4,"column":24},"end":{"line":4,"column":40}},"loc":{"start":{"line":4,"column":52},"end":{"line":11,"column":1}},"line":4}},"branchMap":{"0":{"loc":{"start":{"line":5,"column":2},"end":{"line":5,"column":28}},"type":"if","locations":[{"start":{"line":5,"column":2},"end":{"line":5,"column":28}},{"start":{},"end":{}}],"line":5}},"s":{"0":4,"1":3,"2":1,"3":2},"f":{"0":4},"b":{"0":[3,1]},"_coverageSchema":"1a1c01bbd47fc00a2c39e90264f33305004495a9","hash":"3eb4d2d2ee7e354264f37886aa48a148d29f3a3a"}
,"/workspaces/CurrentDao-frontend/mobile/src/components/TradingCard.js": {"path":"/workspaces/CurrentDao-frontend/mobile/src/components/TradingCard.js","statementMap":{"0":{"start":{"line":5,"column":2},"end":{"line":12,"column":4}},"1":{"start":{"line":15,"column":15},"end":{"line":18,"column":2}}},"fnMap":{"0":{"name":"TradingCard","decl":{"start":{"line":4,"column":24},"end":{"line":4,"column":35}},"loc":{"start":{"line":4,"column":46},"end":{"line":13,"column":1}},"line":4}},"branchMap":{},"s":{"0":2,"1":2},"f":{"0":2},"b":{},"_coverageSchema":"1a1c01bbd47fc00a2c39e90264f33305004495a9","hash":"ce3f3f0865bb0d551fd7553c8b66cf4b2615c9ba"}
,"/workspaces/CurrentDao-frontend/mobile/src/screens/HomeScreen.js": {"path":"/workspaces/CurrentDao-frontend/mobile/src/screens/HomeScreen.js","statementMap":{"0":{"start":{"line":9,"column":32},"end":{"line":9,"column":47}},"1":{"start":{"line":10,"column":32},"end":{"line":10,"column":44}},"2":{"start":{"line":12,"column":2},"end":{"line":15,"column":9}},"3":{"start":{"line":13,"column":4},"end":{"line":13,"column":40}},"4":{"start":{"line":14,"column":4},"end":{"line":14,"column":52}},"5":{"start":{"line":17,"column":2},"end":{"line":31,"column":4}},"6":{"start":{"line":23,"column":10},"end":{"line":23,"column":53}},"7":{"start":{"line":27,"column":53},"end":{"line":27,"column":81}},"8":{"start":{"line":28,"column":48},"end":{"line":28,"column":79}},"9":{"start":{"line":34,"column":15},"end":{"line":39,"column":2}}},"fnMap":{"0":{"name":"HomeScreen","decl":{"start":{"line":8,"column":24},"end":{"line":8,"column":34}},"loc":{"start":{"line":8,"column":49},"end":{"line":32,"column":1}},"line":8},"1":{"name":"(anonymous_1)","decl":{"start":{"line":12,"column":12},"end":{"line":12,"column":13}},"loc":{"start":{"line":12,"column":18},"end":{"line":15,"column":3}},"line":12},"2":{"name":"(anonymous_2)","decl":{"start":{"line":14,"column":42},"end":{"line":14,"column":43}},"loc":{"start":{"line":14,"column":48},"end":{"line":14,"column":50}},"line":14},"3":{"name":"(anonymous_3)","decl":{"start":{"line":22,"column":21},"end":{"line":22,"column":22}},"loc":{"start":{"line":23,"column":10},"end":{"line":23,"column":53}},"line":23},"4":{"name":"(anonymous_4)","decl":{"start":{"line":27,"column":47},"end":{"line":27,"column":48}},"loc":{"start":{"line":27,"column":53},"end":{"line":27,"column":81}},"line":27},"5":{"name":"(anonymous_5)","decl":{"start":{"line":28,"column":42},"end":{"line":28,"column":43}},"loc":{"start":{"line":28,"column":48},"end":{"line":28,"column":79}},"line":28}},"branchMap":{},"s":{"0":2,"1":2,"2":2,"3":1,"4":1,"5":2,"6":1,"7":0,"8":0,"9":1},"f":{"0":2,"1":1,"2":0,"3":1,"4":0,"5":0},"b":{},"_coverageSchema":"1a1c01bbd47fc00a2c39e90264f33305004495a9","hash":"837d76465bd49b164f30600fd1201373fb9a0bae"}
,"/workspaces/CurrentDao-frontend/mobile/src/screens/SettingsScreen.js": {"path":"/workspaces/CurrentDao-frontend/mobile/src/screens/SettingsScreen.js","statementMap":{"0":{"start":{"line":7,"column":54},"end":{"line":7,"column":69}},"1":{"start":{"line":9,"column":2},"end":{"line":11,"column":9}},"2":{"start":{"line":10,"column":4},"end":{"line":10,"column":55}},"3":{"start":{"line":13,"column":17},"end":{"line":16,"column":3}},"4":{"start":{"line":14,"column":15},"end":{"line":14,"column":44}},"5":{"start":{"line":15,"column":4},"end":{"line":15,"column":88}},"6":{"start":{"line":18,"column":26},"end":{"line":21,"column":3}},"7":{"start":{"line":19,"column":16},"end":{"line":19,"column":38}},"8":{"start":{"line":20,"column":4},"end":{"line":20,"column":91}},"9":{"start":{"line":23,"column":2},"end":{"line":30,"column":4}},"10":{"start":{"line":26,"column":62},"end":{"line":26,"column":107}},"11":{"start":{"line":33,"column":15},"end":{"line":36,"column":2}}},"fnMap":{"0":{"name":"SettingsScreen","decl":{"start":{"line":6,"column":24},"end":{"line":6,"column":38}},"loc":{"start":{"line":6,"column":41},"end":{"line":31,"column":1}},"line":6},"1":{"name":"(anonymous_1)","decl":{"start":{"line":9,"column":12},"end":{"line":9,"column":13}},"loc":{"start":{"line":9,"column":18},"end":{"line":11,"column":3}},"line":9},"2":{"name":"(anonymous_2)","decl":{"start":{"line":13,"column":17},"end":{"line":13,"column":18}},"loc":{"start":{"line":13,"column":29},"end":{"line":16,"column":3}},"line":13},"3":{"name":"(anonymous_3)","decl":{"start":{"line":18,"column":26},"end":{"line":18,"column":27}},"loc":{"start":{"line":18,"column":38},"end":{"line":21,"column":3}},"line":18},"4":{"name":"(anonymous_4)","decl":{"start":{"line":26,"column":56},"end":{"line":26,"column":57}},"loc":{"start":{"line":26,"column":62},"end":{"line":26,"column":107}},"line":26}},"branchMap":{"0":{"loc":{"start":{"line":15,"column":28},"end":{"line":15,"column":86}},"type":"cond-expr","locations":[{"start":{"line":15,"column":33},"end":{"line":15,"column":60}},{"start":{"line":15,"column":63},"end":{"line":15,"column":86}}],"line":15},"1":{"loc":{"start":{"line":20,"column":32},"end":{"line":20,"column":89}},"type":"cond-expr","locations":[{"start":{"line":20,"column":38},"end":{"line":20,"column":73}},{"start":{"line":20,"column":76},"end":{"line":20,"column":89}}],"line":20},"2":{"loc":{"start":{"line":27,"column":7},"end":{"line":27,"column":83}},"type":"binary-expr","locations":[{"start":{"line":27,"column":7},"end":{"line":27,"column":25}},{"start":{"line":27,"column":29},"end":{"line":27,"column":83}}],"line":27}},"s":{"0":2,"1":2,"2":1,"3":2,"4":0,"5":0,"6":2,"7":0,"8":0,"9":2,"10":0,"11":1},"f":{"0":2,"1":1,"2":0,"3":0,"4":0},"b":{"0":[0,0],"1":[0,0],"2":[2,1]},"_coverageSchema":"1a1c01bbd47fc00a2c39e90264f33305004495a9","hash":"ac747980df5fe1570d6704a4ecfed626e66b8ffc"}
,"/workspaces/CurrentDao-frontend/mobile/src/screens/TradeScreen.js": {"path":"/workspaces/CurrentDao-frontend/mobile/src/screens/TradeScreen.js","statementMap":{"0":{"start":{"line":8,"column":30},"end":{"line":8,"column":42}},"1":{"start":{"line":9,"column":28},"end":{"line":9,"column":46}},"2":{"start":{"line":10,"column":32},"end":{"line":10,"column":43}},"3":{"start":{"line":12,"column":23},"end":{"line":25,"column":3}},"4":{"start":{"line":13,"column":22},"end":{"line":13,"column":46}},"5":{"start":{"line":14,"column":4},"end":{"line":16,"column":5}},"6":{"start":{"line":15,"column":6},"end":{"line":15,"column":78}},"7":{"start":{"line":17,"column":19},"end":{"line":17,"column":58}},"8":{"start":{"line":18,"column":4},"end":{"line":23,"column":5}},"9":{"start":{"line":19,"column":6},"end":{"line":19,"column":74}},"10":{"start":{"line":20,"column":6},"end":{"line":20,"column":39}},"11":{"start":{"line":21,"column":6},"end":{"line":21,"column":20}},"12":{"start":{"line":22,"column":6},"end":{"line":22,"column":13}},"13":{"start":{"line":24,"column":4},"end":{"line":24,"column":53}},"14":{"start":{"line":27,"column":2},"end":{"line":40,"column":4}},"15":{"start":{"line":43,"column":15},"end":{"line":48,"column":2}}},"fnMap":{"0":{"name":"TradeScreen","decl":{"start":{"line":7,"column":24},"end":{"line":7,"column":35}},"loc":{"start":{"line":7,"column":38},"end":{"line":41,"column":1}},"line":7},"1":{"name":"(anonymous_1)","decl":{"start":{"line":12,"column":23},"end":{"line":12,"column":24}},"loc":{"start":{"line":12,"column":35},"end":{"line":25,"column":3}},"line":12}},"branchMap":{"0":{"loc":{"start":{"line":14,"column":4},"end":{"line":16,"column":5}},"type":"if","locations":[{"start":{"line":14,"column":4},"end":{"line":16,"column":5}},{"start":{},"end":{}}],"line":14},"1":{"loc":{"start":{"line":18,"column":4},"end":{"line":23,"column":5}},"type":"if","locations":[{"start":{"line":18,"column":4},"end":{"line":23,"column":5}},{"start":{},"end":{}}],"line":18},"2":{"loc":{"start":{"line":38,"column":69},"end":{"line":38,"column":99}},"type":"binary-expr","locations":[{"start":{"line":38,"column":69},"end":{"line":38,"column":76}},{"start":{"line":38,"column":80},"end":{"line":38,"column":99}}],"line":38}},"s":{"0":5,"1":4,"2":4,"3":4,"4":1,"5":1,"6":0,"7":1,"8":1,"9":1,"10":1,"11":1,"12":1,"13":0,"14":4,"15":1},"f":{"0":5,"1":1},"b":{"0":[0,1],"1":[1,0],"2":[4,2]},"_coverageSchema":"1a1c01bbd47fc00a2c39e90264f33305004495a9","hash":"b2b3c8e281d61f8c1843bb15d80707c61ace4611"}
,"/workspaces/CurrentDao-frontend/mobile/src/services/offlineService.js": {"path":"/workspaces/CurrentDao-frontend/mobile/src/services/offlineService.js","statementMap":{"0":{"start":{"line":3,"column":20},"end":{"line":3,"column":47}},"1":{"start":{"line":6,"column":2},"end":{"line":11,"column":3}},"2":{"start":{"line":7,"column":19},"end":{"line":7,"column":74}},"3":{"start":{"line":8,"column":4},"end":{"line":8,"column":32}},"4":{"start":{"line":10,"column":4},"end":{"line":10,"column":16}},"5":{"start":{"line":15,"column":19},"end":{"line":15,"column":80}},"6":{"start":{"line":16,"column":2},"end":{"line":16,"column":23}},"7":{"start":{"line":17,"column":2},"end":{"line":17,"column":68}},"8":{"start":{"line":21,"column":16},"end":{"line":21,"column":77}},"9":{"start":{"line":22,"column":2},"end":{"line":24,"column":3}},"10":{"start":{"line":23,"column":4},"end":{"line":23,"column":32}},"11":{"start":{"line":25,"column":2},"end":{"line":25,"column":45}}},"fnMap":{"0":{"name":"checkOfflineMode","decl":{"start":{"line":5,"column":22},"end":{"line":5,"column":38}},"loc":{"start":{"line":5,"column":41},"end":{"line":12,"column":1}},"line":5},"1":{"name":"queueTrade","decl":{"start":{"line":14,"column":22},"end":{"line":14,"column":32}},"loc":{"start":{"line":14,"column":40},"end":{"line":18,"column":1}},"line":14},"2":{"name":"processQueue","decl":{"start":{"line":20,"column":22},"end":{"line":20,"column":34}},"loc":{"start":{"line":20,"column":51},"end":{"line":26,"column":1}},"line":20}},"branchMap":{"0":{"loc":{"start":{"line":15,"column":30},"end":{"line":15,"column":79}},"type":"binary-expr","locations":[{"start":{"line":15,"column":31},"end":{"line":15,"column":70}},{"start":{"line":15,"column":75},"end":{"line":15,"column":79}}],"line":15},"1":{"loc":{"start":{"line":21,"column":27},"end":{"line":21,"column":76}},"type":"binary-expr","locations":[{"start":{"line":21,"column":28},"end":{"line":21,"column":67}},{"start":{"line":21,"column":72},"end":{"line":21,"column":76}}],"line":21}},"s":{"0":2,"1":1,"2":1,"3":1,"4":0,"5":2,"6":2,"7":2,"8":1,"9":1,"10":1,"11":1},"f":{"0":1,"1":2,"2":1},"b":{"0":[2,2],"1":[1,0]},"_coverageSchema":"1a1c01bbd47fc00a2c39e90264f33305004495a9","hash":"393be81bffa39eaeaccba6f832595c3b721b8854"}
,"/workspaces/CurrentDao-frontend/mobile/src/services/tradeService.js": {"path":"/workspaces/CurrentDao-frontend/mobile/src/services/tradeService.js","statementMap":{"0":{"start":{"line":3,"column":17},"end":{"line":3,"column":53}},"1":{"start":{"line":6,"column":2},"end":{"line":11,"column":3}},"2":{"start":{"line":7,"column":16},"end":{"line":7,"column":50}},"3":{"start":{"line":8,"column":4},"end":{"line":8,"column":36}},"4":{"start":{"line":10,"column":4},"end":{"line":10,"column":81}},"5":{"start":{"line":15,"column":2},"end":{"line":21,"column":3}},"6":{"start":{"line":16,"column":16},"end":{"line":16,"column":50}},"7":{"start":{"line":17,"column":17},"end":{"line":17,"column":33}},"8":{"start":{"line":18,"column":4},"end":{"line":18,"column":29}},"9":{"start":{"line":20,"column":4},"end":{"line":20,"column":16}},"10":{"start":{"line":25,"column":18},"end":{"line":25,"column":65}},"11":{"start":{"line":26,"column":2},"end":{"line":29,"column":3}},"12":{"start":{"line":27,"column":4},"end":{"line":27,"column":30}},"13":{"start":{"line":28,"column":4},"end":{"line":28,"column":42}},"14":{"start":{"line":30,"column":2},"end":{"line":36,"column":3}},"15":{"start":{"line":31,"column":16},"end":{"line":31,"column":143}},"16":{"start":{"line":32,"column":17},"end":{"line":32,"column":33}},"17":{"start":{"line":33,"column":4},"end":{"line":33,"column":41}},"18":{"start":{"line":35,"column":4},"end":{"line":35,"column":28}}},"fnMap":{"0":{"name":"fetchMarkets","decl":{"start":{"line":5,"column":22},"end":{"line":5,"column":34}},"loc":{"start":{"line":5,"column":37},"end":{"line":12,"column":1}},"line":5},"1":{"name":"fetchBalance","decl":{"start":{"line":14,"column":22},"end":{"line":14,"column":34}},"loc":{"start":{"line":14,"column":37},"end":{"line":22,"column":1}},"line":14},"2":{"name":"createSwap","decl":{"start":{"line":24,"column":22},"end":{"line":24,"column":32}},"loc":{"start":{"line":24,"column":67},"end":{"line":37,"column":1}},"line":24}},"branchMap":{"0":{"loc":{"start":{"line":8,"column":11},"end":{"line":8,"column":35}},"type":"binary-expr","locations":[{"start":{"line":8,"column":12},"end":{"line":8,"column":28}},{"start":{"line":8,"column":33},"end":{"line":8,"column":35}}],"line":8},"1":{"loc":{"start":{"line":18,"column":11},"end":{"line":18,"column":28}},"type":"binary-expr","locations":[{"start":{"line":18,"column":11},"end":{"line":18,"column":23}},{"start":{"line":18,"column":27},"end":{"line":18,"column":28}}],"line":18},"2":{"loc":{"start":{"line":24,"column":48},"end":{"line":24,"column":65}},"type":"default-arg","locations":[{"start":{"line":24,"column":60},"end":{"line":24,"column":65}}],"line":24},"3":{"loc":{"start":{"line":26,"column":2},"end":{"line":29,"column":3}},"type":"if","locations":[{"start":{"line":26,"column":2},"end":{"line":29,"column":3}},{"start":{},"end":{}}],"line":26}},"s":{"0":1,"1":1,"2":1,"3":0,"4":1,"5":1,"6":1,"7":0,"8":0,"9":1,"10":2,"11":2,"12":1,"13":1,"14":1,"15":1,"16":1,"17":1,"18":0},"f":{"0":1,"1":1,"2":2},"b":{"0":[0,0],"1":[0,0],"2":[0],"3":[1,1]},"_coverageSchema":"1a1c01bbd47fc00a2c39e90264f33305004495a9","hash":"63367f7bb20bb67616772ba2bf76715cb8f47916"}
}
