TN:
SF:src/components/OfflineIndicator.js
FN:4,OfflineIndicator
FNF:1
FNH:1
FNDA:4,OfflineIndicator
DA:5,4
DA:6,1
DA:13,2
LF:3
LH:3
BRDA:5,0,0,3
BRDA:5,0,1,1
BRF:2
BRH:2
end_of_record
TN:
SF:src/components/TradingCard.js
FN:4,TradingCard
FNF:1
FNH:1
FNDA:2,TradingCard
DA:5,2
DA:15,2
LF:2
LH:2
BRF:0
BRH:0
end_of_record
TN:
SF:src/screens/HomeScreen.js
FN:8,HomeScreen
FN:12,(anonymous_1)
FN:14,(anonymous_2)
FN:22,(anonymous_3)
FN:27,(anonymous_4)
FN:28,(anonymous_5)
FNF:6
FNH:3
FNDA:2,HomeScreen
FNDA:1,(anonymous_1)
FNDA:0,(anonymous_2)
FNDA:1,(anonymous_3)
FNDA:0,(anonymous_4)
FNDA:0,(anonymous_5)
DA:9,2
DA:10,2
DA:12,2
DA:13,1
DA:14,1
DA:17,2
DA:23,1
DA:27,0
DA:28,0
DA:34,1
LF:10
LH:8
BRF:0
BRH:0
end_of_record
TN:
SF:src/screens/SettingsScreen.js
FN:6,SettingsScreen
FN:9,(anonymous_1)
FN:13,(anonymous_2)
FN:18,(anonymous_3)
FN:26,(anonymous_4)
FNF:5
FNH:2
FNDA:2,SettingsScreen
FNDA:1,(anonymous_1)
FNDA:0,(anonymous_2)
FNDA:0,(anonymous_3)
FNDA:0,(anonymous_4)
DA:7,2
DA:9,2
DA:10,1
DA:13,2
DA:14,0
DA:15,0
DA:18,2
DA:19,0
DA:20,0
DA:23,2
DA:26,0
DA:33,1
LF:12
LH:7
BRDA:15,0,0,0
BRDA:15,0,1,0
BRDA:20,1,0,0
BRDA:20,1,1,0
BRDA:27,2,0,2
BRDA:27,2,1,1
BRF:6
BRH:2
end_of_record
TN:
SF:src/screens/TradeScreen.js
FN:7,TradeScreen
FN:12,(anonymous_1)
FNF:2
FNH:2
FNDA:5,TradeScreen
FNDA:1,(anonymous_1)
DA:8,5
DA:9,4
DA:10,4
DA:12,4
DA:13,1
DA:14,1
DA:15,0
DA:17,1
DA:18,1
DA:19,1
DA:20,1
DA:21,1
DA:22,1
DA:24,0
DA:27,4
DA:43,1
LF:16
LH:14
BRDA:14,0,0,0
BRDA:14,0,1,1
BRDA:18,1,0,1
BRDA:18,1,1,0
BRDA:38,2,0,4
BRDA:38,2,1,2
BRF:6
BRH:4
end_of_record
TN:
SF:src/services/offlineService.js
FN:5,checkOfflineMode
FN:14,queueTrade
FN:20,processQueue
FNF:3
FNH:3
FNDA:1,checkOfflineMode
FNDA:2,queueTrade
FNDA:1,processQueue
DA:3,2
DA:6,1
DA:7,1
DA:8,1
DA:10,0
DA:15,2
DA:16,2
DA:17,2
DA:21,1
DA:22,1
DA:23,1
DA:25,1
LF:12
LH:11
BRDA:15,0,0,2
BRDA:15,0,1,2
BRDA:21,1,0,1
BRDA:21,1,1,0
BRF:4
BRH:3
end_of_record
TN:
SF:src/services/tradeService.js
FN:5,fetchMarkets
FN:14,fetchBalance
FN:24,createSwap
FNF:3
FNH:3
FNDA:1,fetchMarkets
FNDA:1,fetchBalance
FNDA:2,createSwap
DA:3,1
DA:6,1
DA:7,1
DA:8,0
DA:10,1
DA:15,1
DA:16,1
DA:17,0
DA:18,0
DA:20,1
DA:25,2
DA:26,2
DA:27,1
DA:28,1
DA:30,1
DA:31,1
DA:32,1
DA:33,1
DA:35,0
LF:19
LH:15
BRDA:8,0,0,0
BRDA:8,0,1,0
BRDA:18,1,0,0
BRDA:18,1,1,0
BRDA:24,2,0,0
BRDA:26,3,0,1
BRDA:26,3,1,1
BRF:7
BRH:2
end_of_record
